test finished
Test (2C): basic persistence ...
  ... Passed --   3.6  3   80   22022    6
Test (2C): more persistence ...
  ... Passed --  15.4  5  890  198714   16
Test (2C): partitioned leader and one follower crash, leader restarts ...
  ... Passed --   1.6  3   37    9775    4
Test (2C): Figure 8 ...
  ... Passed --  27.8  5 1117  260832   57
Test (2C): unreliable agreement ...
  ... Passed --   1.4  5 1040  387274  246
Test (2C): Figure 8 (unreliable) ...
  ... Passed --  37.9  5 10100 17544963  222
Test (2C): churn ...
  ... Passed --  16.4  5 6764 24027416 1533
Test (2C): unreliable churn ...
  ... Passed --  16.1  5 4041 8432038  865
PASS
ok  	_/home/zhaols/mit6.824/6.824/src/raft	120.209s
Test (2C): basic persistence ...
  ... Passed --   3.5  3   78   21156    6
Test (2C): more persistence ...
  ... Passed --  15.1  5  874  196432   16
Test (2C): partitioned leader and one follower crash, leader restarts ...
  ... Passed --   1.7  3   37    9709    4
Test (2C): Figure 8 ...
  ... Passed --  30.8  5 1181  271680   54
Test (2C): unreliable agreement ...
  ... Passed --   1.8  5 1048  385157  246
Test (2C): Figure 8 (unreliable) ...
  ... Passed --  32.9  5 9851 17394662   35
Test (2C): churn ...
  ... Passed --  16.2  5 12086 75585798 2879
Test (2C): unreliable churn ...
  ... Passed --  16.2  5 4887 3375169 1080
PASS
ok  	_/home/zhaols/mit6.824/6.824/src/raft	117.992s
Test (2C): basic persistence ...
  ... Passed --   3.5  3   78   21224    6
Test (2C): more persistence ...
  ... Passed --  15.3  5  890  199352   16
Test (2C): partitioned leader and one follower crash, leader restarts ...
  ... Passed --   1.6  3   37    9871    4
Test (2C): Figure 8 ...
  ... Passed --  30.2  5 1159  265622   58
Test (2C): unreliable agreement ...
  ... Passed --   1.4  5 1032  382072  246
Test (2C): Figure 8 (unreliable) ...
  ... Passed --  31.3  5 10658 36140639  116
Test (2C): churn ...
  ... Passed --  16.3  5 10348 69673647 2441
Test (2C): unreliable churn ...
  ... Passed --  16.1  5 4469 9307125  977
PASS
ok  	_/home/zhaols/mit6.824/6.824/src/raft	115.781s
Test (2C): basic persistence ...
  ... Passed --   3.7  3   80   21826    6
Test (2C): more persistence ...
  ... Passed --  15.2  5  878  197536   16
Test (2C): partitioned leader and one follower crash, leader restarts ...
  ... Passed --   1.7  3   35    9281    4
Test (2C): Figure 8 ...
  ... Passed --  34.0  5 1342  308880   59
Test (2C): unreliable agreement ...
  ... Passed --   1.4  5 1036  386271  246
Test (2C): Figure 8 (unreliable) ...
  ... Passed --  31.0  5 9248 22959744  415
Test (2C): churn ...
  ... Passed --  16.5  5 13755 52368979 3198
Test (2C): unreliable churn ...
  ... Passed --  16.4  5 5587 9232945 1233
PASS
ok  	_/home/zhaols/mit6.824/6.824/src/raft	119.846s
Test (2C): basic persistence ...
  ... Passed --   3.4  3   74   20252    6
Test (2C): more persistence ...
  ... Passed --  15.1  5  870  196272   16
Test (2C): partitioned leader and one follower crash, leader restarts ...
  ... Passed --   1.6  3   37    9875    4
Test (2C): Figure 8 ...
  ... Passed --  31.7  5 1234  282110   59
Test (2C): unreliable agreement ...
  ... Passed --   1.4  5 1032  384017  246
Test (2C): Figure 8 (unreliable) ...
  ... Passed --  33.0  5 10551 16454011  199
Test (2C): churn ...
  ... Passed --  16.1  5 13012 24976293 2923
Test (2C): unreliable churn ...
  ... Passed --  16.5  5 4371 5763430  848
PASS
ok  	_/home/zhaols/mit6.824/6.824/src/raft	118.777s
Test (2C): basic persistence ...
  ... Passed --   3.7  3   80   21842    6
Test (2C): more persistence ...
  ... Passed --  15.7  5  925  205514   16
Test (2C): partitioned leader and one follower crash, leader restarts ...
  ... Passed --   1.6  3   35    9281    4
Test (2C): Figure 8 ...
  ... Passed --  35.7  5 1356  312482   59
Test (2C): unreliable agreement ...
  ... Passed --   1.4  5 1032  380547  246
Test (2C): Figure 8 (unreliable) ...
  ... Passed --  34.2  5 10191 17641555  270
Test (2C): churn ...
  ... Passed --  16.2  5 7365 12225442 1584
Test (2C): unreliable churn ...
  ... Passed --  16.1  5 6600 11188479 1505
PASS
ok  	_/home/zhaols/mit6.824/6.824/src/raft	124.613s
Test (2C): basic persistence ...
  ... Passed --   3.4  3   74   20252    6
Test (2C): more persistence ...
  ... Passed --  15.5  5  902  201748   16
Test (2C): partitioned leader and one follower crash, leader restarts ...
  ... Passed --   1.7  3   37    9875    4
Test (2C): Figure 8 ...
  ... Passed --  33.7  5 1302  297078   58
Test (2C): unreliable agreement ...
  ... Passed --   1.4  5 1032  381667  246
Test (2C): Figure 8 (unreliable) ...
  ... Passed --  31.2  5 10453 17225841  242
Test (2C): churn ...
  ... Passed --  16.2  5 11780 14147115 2697
Test (2C): unreliable churn ...
  ... Passed --  16.3  5 3392 6319087  343
PASS
ok  	_/home/zhaols/mit6.824/6.824/src/raft	119.506s
Test (2C): basic persistence ...
  ... Passed --   3.5  3   78   21260    6
Test (2C): more persistence ...
  ... Passed --  15.5  5  898  201408   16
Test (2C): partitioned leader and one follower crash, leader restarts ...
  ... Passed --   1.7  3   39   10299    4
Test (2C): Figure 8 ...
  ... Passed --  25.7  5  998  230062   45
Test (2C): unreliable agreement ...
  ... Passed --   1.4  5 1040  384620  246
Test (2C): Figure 8 (unreliable) ...
  ... Passed --  32.4  5 10098 15364812  193
Test (2C): churn ...
  ... Passed --  16.1  5 11714 34042675 2739
Test (2C): unreliable churn ...
  ... Passed --  16.2  5 2114 1837793  400
PASS
ok  	_/home/zhaols/mit6.824/6.824/src/raft	112.621s
Test (2C): basic persistence ...
  ... Passed --   3.4  3   72   19666    6
Test (2C): more persistence ...
  ... Passed --  15.7  5  910  202054   16
Test (2C): partitioned leader and one follower crash, leader restarts ...
  ... Passed --   1.6  3   35    9281    4
Test (2C): Figure 8 ...
  ... Passed --  30.6  5 1214  281176   61
Test (2C): unreliable agreement ...
  ... Passed --   1.4  5 1032  381755  246
Test (2C): Figure 8 (unreliable) ...
  ... Passed --  31.6  5 10726 23626980   80
Test (2C): churn ...
  ... Passed --  16.1  5 13884 69739434 3301
Test (2C): unreliable churn ...
  ... Passed --  16.4  5 5610 5004000 1218
PASS
ok  	_/home/zhaols/mit6.824/6.824/src/raft	116.843s
Test (2C): basic persistence ...
  ... Passed --   3.7  3   90   24148    6
Test (2C): more persistence ...
  ... Passed --  15.6  5  898  199774   16
Test (2C): partitioned leader and one follower crash, leader restarts ...
  ... Passed --   1.5  3   37    9775    4
Test (2C): Figure 8 ...
  ... Passed --  34.3  5 1306  303268   64
Test (2C): unreliable agreement ...
  ... Passed --   1.4  5 1044  384105  246
Test (2C): Figure 8 (unreliable) ...
  ... Passed --  36.4  5 9013 21934257  498
Test (2C): churn ...
  ... Passed --  16.5  5 8392 16032322 1899
Test (2C): unreliable churn ...
  ... Passed --  16.2  5 5460 6849553 1208
PASS
ok  	_/home/zhaols/mit6.824/6.824/src/raft	125.595s
test finished
