Test: Basic leave/join ...
  ... Passed
Test: Historical queries ...
  ... Passed
Test: Move ...
  ... Passed
Test: Concurrent leave/join ...
  ... Passed
Test: Minimal transfers after joins ...
  ... Passed
Test: Minimal transfers after leaves ...
  ... Passed
Test: Multi-group join/leave ...
  ... Passed
Test: Concurrent multi leave/join ...
  ... Passed
Test: Minimal transfers after multijoins ...
  ... Passed
Test: Minimal transfers after multileaves ...
  ... Passed
PASS
ok  	_/home/zhaols/mit6.824/6.824/src/shardmaster	3.316s
